-------------------------
run test

thread: 0


subchunk: offset 0, size_lines 6


chunk line read: 3.835915e-03 9.119928e+02 3.097778e-03 3.313361e+01 7.619404e-03

chunk line read: 6.642741e-01 1.029128e+01 1.287661e+01 4.820329e-01 2.915097e-03

chunk line read: 3.267618e-02 1.643332e+01 3.252714e-01 5.411628e-01 4.373466e-03

chunk line read: 1.811544e+02 8.194344e+01 6.617470e+00 5.088499e-03 2.582988e+01

chunk line read: 8.127293e+00 2.231672e+01 3.846160e-03 1.681731e-01 5.090333e+02

chunk line read: 3.924403e-03 6.899752e-03 6.298465e+00 9.636068e+01 1.204787e-02



floats read: 30
3.835915e-03 9.119928e+02 3.097778e-03 3.313361e+01 7.619404e-03
6.642741e-01 1.029128e+01 1.287661e+01 4.820329e-01 2.915097e-03
3.267618e-02 1.643332e+01 3.252714e-01 5.411628e-01 4.373466e-03
1.811544e+02 8.194344e+01 6.617470e+00 5.088499e-03 2.582988e+01
8.127293e+00 2.231672e+01 3.846160e-03 1.681731e-01 5.090333e+02
3.924403e-03 6.899752e-03 6.298465e+00 9.636068e+01 1.204787e-02


thread 0: write offset: 0



thread: 0


subchunk: offset 0, size_lines 6


chunk line read: 1.014477e-02 1.596934e-01 1.139246e-01 9.679427e+01 1.287466e-03

chunk line read: 4.302530e-01 6.956054e-02 6.436195e-02 1.294139e+00 4.064663e-01

chunk line read: 2.255975e+02 3.934291e+00 4.371512e+01 9.389749e+02 1.068752e+01

chunk line read: 7.655255e-03 8.956400e+00 1.111476e-03 1.889590e-02 1.177082e-01

chunk line read: 4.744304e+00 1.451626e+01 9.884526e+00 4.869323e+00 1.155277e+01

chunk line read: 2.909246e+02 4.630600e-02 3.884705e-03 8.270984e-02 1.247382e-01



floats read: 30
1.014477e-02 1.596934e-01 1.139246e-01 9.679427e+01 1.287466e-03
4.302530e-01 6.956054e-02 6.436195e-02 1.294139e+00 4.064663e-01
2.255975e+02 3.934291e+00 4.371512e+01 9.389749e+02 1.068752e+01
7.655255e-03 8.956400e+00 1.111476e-03 1.889590e-02 1.177082e-01
4.744304e+00 1.451626e+01 9.884526e+00 4.869323e+00 1.155277e+01
2.909246e+02 4.630600e-02 3.884705e-03 8.270984e-02 1.247382e-01


thread 0: write offset: 0



-------------------------
run test

thread: 0


subchunk: offset 0, size_lines 6


chunk line read: 3.835915e-03 9.119928e+02 3.097778e-03 3.313361e+01 7.619404e-03

chunk line read: 6.642741e-01 1.029128e+01 1.287661e+01 4.820329e-01 2.915097e-03

chunk line read: 3.267618e-02 1.643332e+01 3.252714e-01 5.411628e-01 4.373466e-03

chunk line read: 1.811544e+02 8.194344e+01 6.617470e+00 5.088499e-03 2.582988e+01

chunk line read: 8.127293e+00 2.231672e+01 3.846160e-03 1.681731e-01 5.090333e+02

chunk line read: 3.924403e-03 6.899752e-03 6.298465e+00 9.636068e+01 1.204787e-02



floats read: 30
3.835915e-03 9.119928e+02 3.097778e-03 3.313361e+01 7.619404e-03
6.642741e-01 1.029128e+01 1.287661e+01 4.820329e-01 2.915097e-03
3.267618e-02 1.643332e+01 3.252714e-01 5.411628e-01 4.373466e-03
1.811544e+02 8.194344e+01 6.617470e+00 5.088499e-03 2.582988e+01
8.127293e+00 2.231672e+01 3.846160e-03 1.681731e-01 5.090333e+02
3.924403e-03 6.899752e-03 6.298465e+00 9.636068e+01 1.204787e-02


thread 0: write offset: 0



thread: 0


subchunk: offset 0, size_lines 6


chunk line read: 1.014477e-02 1.596934e-01 1.139246e-01 9.679427e+01 1.287466e-03

chunk line read: 4.302530e-01 6.956054e-02 6.436195e-02 1.294139e+00 4.064663e-01

chunk line read: 2.255975e+02 3.934291e+00 4.371512e+01 9.389749e+02 1.068752e+01

chunk line read: 7.655255e-03 8.956400e+00 1.111476e-03 1.889590e-02 1.177082e-01

chunk line read: 4.744304e+00 1.451626e+01 9.884526e+00 4.869323e+00 1.155277e+01

chunk line read: 2.909246e+02 4.630600e-02 3.884705e-03 8.270984e-02 1.247382e-01



floats read: 30
1.014477e-02 1.596934e-01 1.139246e-01 9.679427e+01 1.287466e-03
4.302530e-01 6.956054e-02 6.436195e-02 1.294139e+00 4.064663e-01
2.255975e+02 3.934291e+00 4.371512e+01 9.389749e+02 1.068752e+01
7.655255e-03 8.956400e+00 1.111476e-03 1.889590e-02 1.177082e-01
4.744304e+00 1.451626e+01 9.884526e+00 4.869323e+00 1.155277e+01
2.909246e+02 4.630600e-02 3.884705e-03 8.270984e-02 1.247382e-01


thread 0: write offset: 0



-------------------------
run test

thread: 0


subchunk: offset 0, size_lines 6


chunk line read: 3.835915e-03 9.119928e+02 3.097778e-03 3.313361e+01 7.619404e-03

chunk line read: 6.642741e-01 1.029128e+01 1.287661e+01 4.820329e-01 2.915097e-03

chunk line read: 3.267618e-02 1.643332e+01 3.252714e-01 5.411628e-01 4.373466e-03

chunk line read: 1.811544e+02 8.194344e+01 6.617470e+00 5.088499e-03 2.582988e+01

chunk line read: 8.127293e+00 2.231672e+01 3.846160e-03 1.681731e-01 5.090333e+02

chunk line read: 3.924403e-03 6.899752e-03 6.298465e+00 9.636068e+01 1.204787e-02



floats read: 30
3.835915e-03 9.119928e+02 3.097778e-03 3.313361e+01 7.619404e-03
6.642741e-01 1.029128e+01 1.287661e+01 4.820329e-01 2.915097e-03
3.267618e-02 1.643332e+01 3.252714e-01 5.411628e-01 4.373466e-03
1.811544e+02 8.194344e+01 6.617470e+00 5.088499e-03 2.582988e+01
8.127293e+00 2.231672e+01 3.846160e-03 1.681731e-01 5.090333e+02
3.924403e-03 6.899752e-03 6.298465e+00 9.636068e+01 1.204787e-02


thread 0: write offset: 0



thread: 0


subchunk: offset 0, size_lines 6


chunk line read: 1.014477e-02 1.596934e-01 1.139246e-01 9.679427e+01 1.287466e-03

chunk line read: 4.302530e-01 6.956054e-02 6.436195e-02 1.294139e+00 4.064663e-01

chunk line read: 2.255975e+02 3.934291e+00 4.371512e+01 9.389749e+02 1.068752e+01

chunk line read: 7.655255e-03 8.956400e+00 1.111476e-03 1.889590e-02 1.177082e-01

chunk line read: 4.744304e+00 1.451626e+01 9.884526e+00 4.869323e+00 1.155277e+01

chunk line read: 2.909246e+02 4.630600e-02 3.884705e-03 8.270984e-02 1.247382e-01



floats read: 30
1.014477e-02 1.596934e-01 1.139246e-01 9.679427e+01 1.287466e-03
4.302530e-01 6.956054e-02 6.436195e-02 1.294139e+00 4.064663e-01
2.255975e+02 3.934291e+00 4.371512e+01 9.389749e+02 1.068752e+01
7.655255e-03 8.956400e+00 1.111476e-03 1.889590e-02 1.177082e-01
4.744304e+00 1.451626e+01 9.884526e+00 4.869323e+00 1.155277e+01
2.909246e+02 4.630600e-02 3.884705e-03 8.270984e-02 1.247382e-01


thread 0: write offset: 0



